Device: NVIDIA GeForce RTX 4090 D
adapter_init.npz NOT found — stat-prior experiments will be skipped, random-init OK
Train: 2468 samples, shape=(2468, 200, 768), classes=[c0=410, c1=414, c2=415, c3=410, c4=409, c5=410]
Val: 860 samples, shape=(860, 200, 768), classes=[c0=145, c1=145, c2=145, c3=144, c4=136, c5=145]
Test: 851 samples, shape=(851, 200, 768), classes=[c0=140, c1=140, c2=140, c3=145, c4=146, c5=140]

======================================================================
  PART 1: MAIN ABLATION STUDY
======================================================================

============================================================
  A1_baseline
============================================================
  seed=42: val=0.8267 test=0.7920
  seed=123: val=0.8093 test=0.7756
  seed=456: val=0.8209 test=0.7697
  Mean: val=0.8190±0.0073  test=0.7791±0.0094  (566s)

============================================================
  A2b_adapter
============================================================
  seed=42: val=0.8174 test=0.7814
  seed=123: val=0.8279 test=0.7673
  seed=456: val=0.8221 test=0.7873
  Mean: val=0.8225±0.0043  test=0.7787±0.0084  (424s)

============================================================
  B3_final
============================================================
  seed=42: val=0.8512 test=0.7967
  seed=123: val=0.8651 test=0.8214
  seed=456: val=0.8581 test=0.8190
  Mean: val=0.8581±0.0057  test=0.8124±0.0111  (432s)

======================================================================
  PART 2: AUGMENTATION SENSITIVITY ANALYSIS
======================================================================

============================================================
  C1_none
============================================================
  seed=42: val=0.8407 test=0.8014
  seed=123: val=0.8581 test=0.8049
  seed=456: val=0.8523 test=0.8038
  Mean: val=0.8504±0.0073  test=0.8034±0.0015  (331s)

============================================================
  C2_adult
============================================================
  seed=42: val=0.5430 test=0.5217
  seed=123: val=0.5326 test=0.5170
  seed=456: val=0.5372 test=0.5300
  Mean: val=0.5376±0.0043  test=0.5229±0.0053  (325s)

============================================================
  C3_child
============================================================
  seed=42: val=0.6058 test=0.5946
  seed=123: val=0.5895 test=0.5934
  seed=456: val=0.6023 test=0.5746
  Mean: val=0.5992±0.0070  test=0.5875±0.0092  (274s)

============================================================
  C4_extreme
============================================================
  seed=42: val=0.4570 test=0.4571
  seed=123: val=0.4837 test=0.4865
  seed=456: val=0.4640 test=0.4618
  Mean: val=0.4682±0.0113  test=0.4685±0.0129  (304s)

================================================================================
  FINAL RESULTS TABLE (v5 protocol: outer 7:3 + inner val)
================================================================================
Experiment             Val Mean  Val Std  Test Mean Test Std
----------------------------------------------------------
A1_baseline             0.8190±0.0073     0.7791±0.0094 
A2b_adapter             0.8225±0.0043     0.7787±0.0084 
B3_final                0.8581±0.0057     0.8124±0.0111 
C1_none                 0.8504±0.0073     0.8034±0.0015 
C2_adult                0.5376±0.0043     0.5229±0.0053 
C3_child                0.5992±0.0070     0.5875±0.0092 
C4_extreme              0.4682±0.0113     0.4685±0.0129 

Results saved to: /root/autodl-tmp/v5_data/logs/v5_results.json
Done at 2026-05-03 23:37:25
